2019-03-21 13:55:06 - INFO  - Starting Java350Application on DESKTOP-UJ0ANUB with PID 1812 (C:\Users\Ju\Desktop\cours\java\eval\ipi-java-350-ex\target\classes started by Ju in C:\Users\Ju\Desktop\cours\java\eval\ipi-java-350-ex)
2019-03-21 13:55:06 - INFO  - No active profile set, falling back to default profiles: default
2019-03-21 13:55:12 - INFO  - Started Java350Application in 7.612 seconds (JVM running for 10.6)
2019-03-21 14:01:11 - INFO  - Starting EmployeRepositoryTest on DESKTOP-UJ0ANUB with PID 9988 (started by Ju in C:\Users\Ju\Desktop\cours\java\eval\ipi-java-350-ex)
2019-03-21 14:01:11 - INFO  - No active profile set, falling back to default profiles: default
2019-03-21 14:01:16 - INFO  - Started EmployeRepositoryTest in 4.625 seconds (JVM running for 6.732)
2019-03-21 14:01:16 - INFO  - Starting EmployeServiceIntegrationTest on DESKTOP-UJ0ANUB with PID 9988 (started by Ju in C:\Users\Ju\Desktop\cours\java\eval\ipi-java-350-ex)
2019-03-21 14:01:16 - INFO  - No active profile set, falling back to default profiles: default
2019-03-21 14:01:17 - INFO  - Started EmployeServiceIntegrationTest in 1.353 seconds (JVM running for 8.491)
2019-03-21 14:01:17 - INFO  - Embauche de l'employé John Doe diplômé de BTS_IUT en tant que TECHNICIEN avec un taux d'activité de 1.0 
2019-03-21 14:01:18 - INFO  - Embauche de l'employé John Doe diplômé de MASTER en tant que MANAGER avec un taux d'activité de 0.5 
2019-03-21 14:01:18 - INFO  - Embauche de l'employé John Doe diplômé de MASTER en tant que MANAGER avec un taux d'activité de 0.5 
2019-03-21 14:01:18 - ERROR - Limite des 100000 matricules atteinte !
2019-03-21 14:01:18 - INFO  - Embauche de l'employé John Doe diplômé de MASTER en tant que MANAGER avec un taux d'activité de 0.5 
2019-03-21 14:01:18 - INFO  - Embauche de l'employé John Doe diplômé de BTS_IUT en tant que TECHNICIEN avec un taux d'activité de 1.0 
2019-03-21 14:01:18 - INFO  - Embauche de l'employé John Doe diplômé de MASTER en tant que MANAGER avec un taux d'activité de 0.5 
2019-03-21 14:01:18 - ERROR - L'employé de matricule M00001 existe déjà en BDD
2019-03-21 14:01:45 - INFO  - Starting EmployeRepositoryTest on DESKTOP-UJ0ANUB with PID 976 (started by Ju in C:\Users\Ju\Desktop\cours\java\eval\ipi-java-350-ex)
2019-03-21 14:01:45 - INFO  - No active profile set, falling back to default profiles: default
2019-03-21 14:01:50 - INFO  - Started EmployeRepositoryTest in 5.489 seconds (JVM running for 7.493)
2019-03-21 14:01:50 - INFO  - Starting EmployeServiceIntegrationTest on DESKTOP-UJ0ANUB with PID 976 (started by Ju in C:\Users\Ju\Desktop\cours\java\eval\ipi-java-350-ex)
2019-03-21 14:01:50 - INFO  - No active profile set, falling back to default profiles: default
2019-03-21 14:01:51 - INFO  - Started EmployeServiceIntegrationTest in 1.287 seconds (JVM running for 9.213)
2019-03-21 14:01:51 - INFO  - Embauche de l'employé John Doe diplômé de BTS_IUT en tant que TECHNICIEN avec un taux d'activité de 1.0 
2019-03-21 14:01:52 - INFO  - Embauche de l'employé John Doe diplômé de MASTER en tant que MANAGER avec un taux d'activité de 0.5 
2019-03-21 14:01:52 - INFO  - Embauche de l'employé John Doe diplômé de MASTER en tant que MANAGER avec un taux d'activité de 0.5 
2019-03-21 14:01:52 - ERROR - Limite des 100000 matricules atteinte !
2019-03-21 14:01:52 - INFO  - Embauche de l'employé John Doe diplômé de MASTER en tant que MANAGER avec un taux d'activité de 0.5 
2019-03-21 14:01:52 - INFO  - Embauche de l'employé John Doe diplômé de BTS_IUT en tant que TECHNICIEN avec un taux d'activité de 1.0 
2019-03-21 14:01:52 - INFO  - Embauche de l'employé John Doe diplômé de MASTER en tant que MANAGER avec un taux d'activité de 0.5 
2019-03-21 14:01:52 - ERROR - L'employé de matricule M00001 existe déjà en BDD
2019-03-21 14:07:48 - INFO  - Starting EmployeRepositoryTest on DESKTOP-UJ0ANUB with PID 11100 (started by Ju in C:\Users\Ju\Desktop\cours\java\eval\ipi-java-350-ex)
2019-03-21 14:07:48 - INFO  - No active profile set, falling back to default profiles: default
2019-03-21 14:07:53 - INFO  - Started EmployeRepositoryTest in 4.572 seconds (JVM running for 6.706)
2019-03-21 14:07:53 - INFO  - Starting EmployeServiceIntegrationTest on DESKTOP-UJ0ANUB with PID 11100 (started by Ju in C:\Users\Ju\Desktop\cours\java\eval\ipi-java-350-ex)
2019-03-21 14:07:53 - INFO  - No active profile set, falling back to default profiles: default
2019-03-21 14:07:54 - INFO  - Started EmployeServiceIntegrationTest in 1.175 seconds (JVM running for 8.412)
2019-03-21 14:07:54 - INFO  - Embauche de l'employé John Doe diplômé de BTS_IUT en tant que TECHNICIEN avec un taux d'activité de 1.0 
2019-03-21 14:07:55 - INFO  - Embauche de l'employé John Doe diplômé de MASTER en tant que MANAGER avec un taux d'activité de 0.5 
2019-03-21 14:07:55 - INFO  - Embauche de l'employé John Doe diplômé de MASTER en tant que MANAGER avec un taux d'activité de 0.5 
2019-03-21 14:07:55 - ERROR - Limite des 100000 matricules atteinte !
2019-03-21 14:07:55 - INFO  - Embauche de l'employé John Doe diplômé de MASTER en tant que MANAGER avec un taux d'activité de 0.5 
2019-03-21 14:07:55 - INFO  - Embauche de l'employé John Doe diplômé de BTS_IUT en tant que TECHNICIEN avec un taux d'activité de 1.0 
2019-03-21 14:07:55 - INFO  - Embauche de l'employé John Doe diplômé de MASTER en tant que MANAGER avec un taux d'activité de 0.5 
2019-03-21 14:07:55 - ERROR - L'employé de matricule M00001 existe déjà en BDD
2019-03-21 14:16:09 - INFO  - Starting EmployeRepositoryTest on DESKTOP-UJ0ANUB with PID 564 (started by Ju in C:\Users\Ju\Desktop\cours\java\eval\ipi-java-350-ex)
2019-03-21 14:16:09 - INFO  - No active profile set, falling back to default profiles: default
2019-03-21 14:16:13 - INFO  - Started EmployeRepositoryTest in 4.634 seconds (JVM running for 6.687)
2019-03-21 14:16:14 - INFO  - Starting EmployeServiceIntegrationTest on DESKTOP-UJ0ANUB with PID 564 (started by Ju in C:\Users\Ju\Desktop\cours\java\eval\ipi-java-350-ex)
2019-03-21 14:16:14 - INFO  - No active profile set, falling back to default profiles: default
2019-03-21 14:16:15 - INFO  - Started EmployeServiceIntegrationTest in 1.249 seconds (JVM running for 8.442)
2019-03-21 14:16:15 - INFO  - Embauche de l'employé John Doe diplômé de BTS_IUT en tant que TECHNICIEN avec un taux d'activité de 1.0 
2019-03-21 14:16:15 - INFO  - Embauche de l'employé John Doe diplômé de MASTER en tant que MANAGER avec un taux d'activité de 0.5 
2019-03-21 14:16:15 - INFO  - Embauche de l'employé John Doe diplômé de MASTER en tant que MANAGER avec un taux d'activité de 0.5 
2019-03-21 14:16:15 - ERROR - Limite des 100000 matricules atteinte !
2019-03-21 14:16:15 - INFO  - Embauche de l'employé John Doe diplômé de MASTER en tant que MANAGER avec un taux d'activité de 0.5 
2019-03-21 14:16:15 - INFO  - Embauche de l'employé John Doe diplômé de BTS_IUT en tant que TECHNICIEN avec un taux d'activité de 1.0 
2019-03-21 14:16:15 - INFO  - Embauche de l'employé John Doe diplômé de MASTER en tant que MANAGER avec un taux d'activité de 0.5 
2019-03-21 14:16:15 - ERROR - L'employé de matricule M00001 existe déjà en BDD
2019-03-21 14:18:14 - INFO  - Starting EmployeRepositoryTest on DESKTOP-UJ0ANUB with PID 4812 (started by Ju in C:\Users\Ju\Desktop\cours\java\eval\ipi-java-350-ex)
2019-03-21 14:18:14 - INFO  - No active profile set, falling back to default profiles: default
2019-03-21 14:18:18 - INFO  - Started EmployeRepositoryTest in 4.565 seconds (JVM running for 6.665)
2019-03-21 14:18:19 - INFO  - Starting EmployeServiceIntegrationTest on DESKTOP-UJ0ANUB with PID 4812 (started by Ju in C:\Users\Ju\Desktop\cours\java\eval\ipi-java-350-ex)
2019-03-21 14:18:19 - INFO  - No active profile set, falling back to default profiles: default
2019-03-21 14:18:20 - INFO  - Started EmployeServiceIntegrationTest in 1.239 seconds (JVM running for 8.404)
2019-03-21 14:18:20 - INFO  - Embauche de l'employé John Doe diplômé de BTS_IUT en tant que TECHNICIEN avec un taux d'activité de 1.0 
2019-03-21 14:18:21 - INFO  - Embauche de l'employé John Doe diplômé de MASTER en tant que MANAGER avec un taux d'activité de 0.5 
2019-03-21 14:18:21 - INFO  - Embauche de l'employé John Doe diplômé de MASTER en tant que MANAGER avec un taux d'activité de 0.5 
2019-03-21 14:18:21 - ERROR - Limite des 100000 matricules atteinte !
2019-03-21 14:18:21 - INFO  - Embauche de l'employé John Doe diplômé de MASTER en tant que MANAGER avec un taux d'activité de 0.5 
2019-03-21 14:18:21 - INFO  - Embauche de l'employé John Doe diplômé de BTS_IUT en tant que TECHNICIEN avec un taux d'activité de 1.0 
2019-03-21 14:18:21 - INFO  - Embauche de l'employé John Doe diplômé de MASTER en tant que MANAGER avec un taux d'activité de 0.5 
2019-03-21 14:18:21 - ERROR - L'employé de matricule M00001 existe déjà en BDD
2019-03-21 14:23:33 - INFO  - Starting EmployeRepositoryTest on DESKTOP-UJ0ANUB with PID 3640 (started by Ju in C:\Users\Ju\Desktop\cours\java\eval\ipi-java-350-ex)
2019-03-21 14:23:33 - INFO  - No active profile set, falling back to default profiles: default
2019-03-21 14:23:37 - INFO  - Started EmployeRepositoryTest in 4.473 seconds (JVM running for 6.486)
2019-03-21 14:23:38 - INFO  - Starting EmployeServiceIntegrationTest on DESKTOP-UJ0ANUB with PID 3640 (started by Ju in C:\Users\Ju\Desktop\cours\java\eval\ipi-java-350-ex)
2019-03-21 14:23:38 - INFO  - No active profile set, falling back to default profiles: default
2019-03-21 14:23:39 - INFO  - Started EmployeServiceIntegrationTest in 1.231 seconds (JVM running for 8.238)
2019-03-21 14:23:39 - INFO  - Embauche de l'employé John Doe diplômé de BTS_IUT en tant que TECHNICIEN avec un taux d'activité de 1.0 
2019-03-21 14:23:39 - INFO  - Embauche de l'employé John Doe diplômé de MASTER en tant que MANAGER avec un taux d'activité de 0.5 
2019-03-21 14:23:39 - INFO  - Embauche de l'employé John Doe diplômé de MASTER en tant que MANAGER avec un taux d'activité de 0.5 
2019-03-21 14:23:39 - ERROR - Limite des 100000 matricules atteinte !
2019-03-21 14:23:39 - INFO  - Embauche de l'employé John Doe diplômé de MASTER en tant que MANAGER avec un taux d'activité de 0.5 
2019-03-21 14:23:39 - INFO  - Embauche de l'employé John Doe diplômé de BTS_IUT en tant que TECHNICIEN avec un taux d'activité de 1.0 
2019-03-21 14:23:39 - INFO  - Embauche de l'employé John Doe diplômé de MASTER en tant que MANAGER avec un taux d'activité de 0.5 
2019-03-21 14:23:39 - ERROR - L'employé de matricule M00001 existe déjà en BDD
